<?xml version="1.0" encoding="UTF-8"?>
<testsuite name="io.lb.bleandlistingopt.feature.listing.compose.unoptimized.UnoptimizedListViewModelTest" tests="2" skipped="0" failures="0" errors="0" timestamp="2026-08-20T06:49:08.384Z" hostname="MacBook-Pro-de-Leonardo.local" time="0.117">
  <properties/>
  <testcase name="OnFavoriteToggle flips isFavorite for that item only" classname="io.lb.bleandlistingopt.feature.listing.compose.unoptimized.UnoptimizedListViewModelTest" time="0.105"/>
  <testcase name="OnQueryChange filters items by title" classname="io.lb.bleandlistingopt.feature.listing.compose.unoptimized.UnoptimizedListViewModelTest" time="0.01"/>
  <system-out><![CDATA[]]></system-out>
  <system-err><![CDATA[]]></system-err>
</testsuite>
